<?xml version="1.0" encoding="UTF-8"?>
<testsuite xmlns:xsi="http://www.w3.org/2001/XMLSchema-instance" xsi:noNamespaceSchemaLocation="https://maven.apache.org/surefire/maven-surefire-plugin/xsd/surefire-test-report-3.0.xsd" version="3.0" name="com.mycompany.quickchat.MessageTest" time="0.193" tests="15" errors="0" skipped="0" failures="0">
  <properties>
[...]
</properties>
  <testcase name="testReturnTotalMessagess" classname="com.mycompany.quickchat.MessageTest" time="0.087">
    <system-out><![CDATA[returnTotalMessagess
]]></system-out>
  </testcase>
  <testcase name="testDeleteMessage" classname="com.mycompany.quickchat.MessageTest" time="0.005">
    <system-out><![CDATA[deleteMessage
]]></system-out>
  </testcase>
  <testcase name="testDisplayLongestMessage" classname="com.mycompany.quickchat.MessageTest" time="0.004">
    <system-out><![CDATA[displayLongestMessage
]]></system-out>
  </testcase>
  <testcase name="testSearchByMessageID" classname="com.mycompany.quickchat.MessageTest" time="0.005">
    <system-out><![CDATA[searchByMessageID
]]></system-out>
  </testcase>
  <testcase name="testStoreMessage" classname="com.mycompany.quickchat.MessageTest" time="0.002">
    <system-out><![CDATA[storeMessage
]]></system-out>
  </testcase>
  <testcase name="testSentMessagesArrayPopulated" classname="com.mycompany.quickchat.MessageTest" time="0.007">
    <system-out><![CDATA[sentMessagesArrayPopulated
]]></system-out>
  </testcase>
  <testcase name="testCheckMessageID" classname="com.mycompany.quickchat.MessageTest" time="0.002">
    <system-out><![CDATA[checkMessageID
]]></system-out>
  </testcase>
  <testcase name="testCheckRecipientCell" classname="com.mycompany.quickchat.MessageTest" time="0.002">
    <system-out><![CDATA[checkRecipientCell
]]></system-out>
  </testcase>
  <testcase name="testGetMessageID" classname="com.mycompany.quickchat.MessageTest" time="0.001">
    <system-out><![CDATA[getMessageID
]]></system-out>
  </testcase>
  <testcase name="testDisplayReport" classname="com.mycompany.quickchat.MessageTest" time="0.004">
    <system-out><![CDATA[displayReport
]]></system-out>
  </testcase>
  <testcase name="testSearchByRecipient" classname="com.mycompany.quickchat.MessageTest" time="0.005">
    <system-out><![CDATA[searchByRecipient
]]></system-out>
  </testcase>
  <testcase name="testCheckMessageLength" classname="com.mycompany.quickchat.MessageTest" time="0.003">
    <system-out><![CDATA[checkMessageLength
]]></system-out>
  </testcase>
  <testcase name="testPrintMessages" classname="com.mycompany.quickchat.MessageTest" time="0.003">
    <system-out><![CDATA[printMessages
]]></system-out>
  </testcase>
  <testcase name="testCreateMessageHash" classname="com.mycompany.quickchat.MessageTest" time="0.003">
    <system-out><![CDATA[createMessageHash
]]></system-out>
  </testcase>
  <testcase name="testSentMessage" classname="com.mycompany.quickchat.MessageTest" time="0.004">
    <system-out><![CDATA[SentMessage
]]></system-out>
  </testcase>
</testsuite>